2022-08-18 16:35:11.114  INFO 32596 --- [restartedMain] c.f.a.AirtelIntegrationApplication       : Starting AirtelIntegrationApplication using Java 1.8.0_202 on 28635UGNCPS29L with PID 32596 (C:\Flyhub_projects\airtel-integrations\target\classes started by C849152 in C:\Flyhub_projects\airtel-integrations)
2022-08-18 16:35:11.127  INFO 32596 --- [restartedMain] c.f.a.AirtelIntegrationApplication       : The following 1 profile is active: "dev"
2022-08-18 16:35:11.433  INFO 32596 --- [restartedMain] .e.DevToolsPropertyDefaultsPostProcessor : Devtools property defaults active! Set 'spring.devtools.add-properties' to 'false' to disable
2022-08-18 16:35:11.434  INFO 32596 --- [restartedMain] .e.DevToolsPropertyDefaultsPostProcessor : For additional web related logging consider setting the 'logging.level.web' property to 'DEBUG'
2022-08-18 16:35:12.785  INFO 32596 --- [restartedMain] .s.d.r.c.RepositoryConfigurationDelegate : Bootstrapping Spring Data JPA repositories in DEFAULT mode.
2022-08-18 16:35:12.875  INFO 32596 --- [restartedMain] .s.d.r.c.RepositoryConfigurationDelegate : Finished Spring Data repository scanning in 70 ms. Found 1 JPA repository interfaces.
2022-08-18 16:35:14.322  INFO 32596 --- [restartedMain] o.s.b.w.embedded.tomcat.TomcatWebServer  : Tomcat initialized with port(s): 8080 (http)
2022-08-18 16:35:14.335  INFO 32596 --- [restartedMain] o.apache.catalina.core.StandardService   : Starting service [Tomcat]
2022-08-18 16:35:14.336  INFO 32596 --- [restartedMain] org.apache.catalina.core.StandardEngine  : Starting Servlet engine: [Apache Tomcat/9.0.64]
2022-08-18 16:35:14.534  INFO 32596 --- [restartedMain] o.a.c.c.C.[Tomcat].[localhost].[/]       : Initializing Spring embedded WebApplicationContext
2022-08-18 16:35:14.535  INFO 32596 --- [restartedMain] w.s.c.ServletWebServerApplicationContext : Root WebApplicationContext: initialization completed in 3100 ms
2022-08-18 16:35:14.787  INFO 32596 --- [restartedMain] o.hibernate.jpa.internal.util.LogHelper  : HHH000204: Processing PersistenceUnitInfo [name: default]
2022-08-18 16:35:14.889  INFO 32596 --- [restartedMain] org.hibernate.Version                    : HHH000412: Hibernate ORM core version 5.6.9.Final
2022-08-18 16:35:15.217  INFO 32596 --- [restartedMain] o.hibernate.annotations.common.Version   : HCANN000001: Hibernate Commons Annotations {5.1.2.Final}
2022-08-18 16:35:15.385  INFO 32596 --- [restartedMain] com.zaxxer.hikari.HikariDataSource       : HikariPool-1 - Starting...
2022-08-18 16:35:16.044  INFO 32596 --- [restartedMain] com.zaxxer.hikari.HikariDataSource       : HikariPool-1 - Start completed.
2022-08-18 16:35:16.073  INFO 32596 --- [restartedMain] org.hibernate.dialect.Dialect            : HHH000400: Using dialect: org.hibernate.dialect.PostgreSQLDialect
2022-08-18 16:35:17.736  INFO 32596 --- [restartedMain] o.h.e.t.j.p.i.JtaPlatformInitiator       : HHH000490: Using JtaPlatform implementation: [org.hibernate.engine.transaction.jta.platform.internal.NoJtaPlatform]
2022-08-18 16:35:17.758  INFO 32596 --- [restartedMain] j.LocalContainerEntityManagerFactoryBean : Initialized JPA EntityManagerFactory for persistence unit 'default'
2022-08-18 16:35:18.215  WARN 32596 --- [restartedMain] JpaBaseConfiguration$JpaWebConfiguration : spring.jpa.open-in-view is enabled by default. Therefore, database queries may be performed during view rendering. Explicitly configure spring.jpa.open-in-view to disable this warning
2022-08-18 16:35:19.728  INFO 32596 --- [restartedMain] o.s.b.d.a.OptionalLiveReloadServer       : LiveReload server is running on port 35729
2022-08-18 16:35:19.775  INFO 32596 --- [restartedMain] o.s.b.w.embedded.tomcat.TomcatWebServer  : Tomcat started on port(s): 8080 (http) with context path ''
2022-08-18 16:35:19.793  INFO 32596 --- [restartedMain] c.f.a.AirtelIntegrationApplication       : Started AirtelIntegrationApplication in 9.476 seconds (JVM running for 10.736)
2022-08-18 16:37:06.536  INFO 32596 --- [http-nio-8080-exec-2] o.a.c.c.C.[Tomcat].[localhost].[/]       : Initializing Spring DispatcherServlet 'dispatcherServlet'
2022-08-18 16:37:06.537  INFO 32596 --- [http-nio-8080-exec-2] o.s.web.servlet.DispatcherServlet        : Initializing Servlet 'dispatcherServlet'
2022-08-18 16:37:06.539  INFO 32596 --- [http-nio-8080-exec-2] o.s.web.servlet.DispatcherServlet        : Completed initialization in 2 ms
2022-08-18 16:37:06.609  INFO 32596 --- [http-nio-8080-exec-2] c.f.a.src.PaymentDetailsService          : [Inside the listAllPaymentDetailsWithPaginationAndSorting method]: Retrieving all payments from the database
2022-08-18 16:38:08.216  INFO 32596 --- [http-nio-8080-exec-7] c.f.a.src.PaymentDetailsService          : [Inside the listAllPaymentDetailsWithPaginationAndSorting method]: Retrieving all payments from the database
2022-08-18 16:38:43.507  INFO 32596 --- [http-nio-8080-exec-10] c.f.a.src.PaymentDetailsService          : [Inside the listAllPaymentDetailsWithPaginationAndSorting method]: Retrieving all payments from the database
2022-08-18 16:46:02.320  INFO 32596 --- [http-nio-8080-exec-7] c.f.a.src.PaymentDetailsService          : [Inside the listAllPaymentDetailsWithPaginationAndSorting method]: Retrieving all payments from the database
2022-08-18 16:46:09.335  INFO 19128 --- [restartedMain] c.f.a.AirtelIntegrationApplication       : Starting AirtelIntegrationApplication using Java 1.8.0_202 on 28635UGNCPS29L with PID 19128 (C:\Flyhub_projects\airtel-integrations\target\classes started by C849152 in C:\Flyhub_projects\airtel-integrations)
2022-08-18 16:46:09.338  INFO 19128 --- [restartedMain] c.f.a.AirtelIntegrationApplication       : The following 1 profile is active: "dev"
2022-08-18 16:46:09.422  INFO 19128 --- [restartedMain] .e.DevToolsPropertyDefaultsPostProcessor : Devtools property defaults active! Set 'spring.devtools.add-properties' to 'false' to disable
2022-08-18 16:46:09.423  INFO 19128 --- [restartedMain] .e.DevToolsPropertyDefaultsPostProcessor : For additional web related logging consider setting the 'logging.level.web' property to 'DEBUG'
2022-08-18 16:46:10.398  INFO 19128 --- [restartedMain] .s.d.r.c.RepositoryConfigurationDelegate : Bootstrapping Spring Data JPA repositories in DEFAULT mode.
2022-08-18 16:46:10.473  INFO 19128 --- [restartedMain] .s.d.r.c.RepositoryConfigurationDelegate : Finished Spring Data repository scanning in 61 ms. Found 1 JPA repository interfaces.
2022-08-18 16:46:11.632  INFO 19128 --- [restartedMain] o.s.b.w.embedded.tomcat.TomcatWebServer  : Tomcat initialized with port(s): 8080 (http)
2022-08-18 16:46:11.643  INFO 19128 --- [restartedMain] o.apache.catalina.core.StandardService   : Starting service [Tomcat]
2022-08-18 16:46:11.643  INFO 19128 --- [restartedMain] org.apache.catalina.core.StandardEngine  : Starting Servlet engine: [Apache Tomcat/9.0.64]
2022-08-18 16:46:11.789  INFO 19128 --- [restartedMain] o.a.c.c.C.[Tomcat].[localhost].[/]       : Initializing Spring embedded WebApplicationContext
2022-08-18 16:46:11.790  INFO 19128 --- [restartedMain] w.s.c.ServletWebServerApplicationContext : Root WebApplicationContext: initialization completed in 2367 ms
2022-08-18 16:46:11.963  INFO 19128 --- [restartedMain] o.hibernate.jpa.internal.util.LogHelper  : HHH000204: Processing PersistenceUnitInfo [name: default]
2022-08-18 16:46:12.028  INFO 19128 --- [restartedMain] org.hibernate.Version                    : HHH000412: Hibernate ORM core version 5.6.9.Final
2022-08-18 16:46:12.228  INFO 19128 --- [restartedMain] o.hibernate.annotations.common.Version   : HCANN000001: Hibernate Commons Annotations {5.1.2.Final}
2022-08-18 16:46:12.341  INFO 19128 --- [restartedMain] com.zaxxer.hikari.HikariDataSource       : HikariPool-1 - Starting...
2022-08-18 16:46:12.858  INFO 19128 --- [restartedMain] com.zaxxer.hikari.HikariDataSource       : HikariPool-1 - Start completed.
2022-08-18 16:46:12.877  INFO 19128 --- [restartedMain] org.hibernate.dialect.Dialect            : HHH000400: Using dialect: org.hibernate.dialect.PostgreSQLDialect
2022-08-18 16:46:13.887  INFO 19128 --- [restartedMain] o.h.e.t.j.p.i.JtaPlatformInitiator       : HHH000490: Using JtaPlatform implementation: [org.hibernate.engine.transaction.jta.platform.internal.NoJtaPlatform]
2022-08-18 16:46:13.897  INFO 19128 --- [restartedMain] j.LocalContainerEntityManagerFactoryBean : Initialized JPA EntityManagerFactory for persistence unit 'default'
2022-08-18 16:46:14.289  WARN 19128 --- [restartedMain] JpaBaseConfiguration$JpaWebConfiguration : spring.jpa.open-in-view is enabled by default. Therefore, database queries may be performed during view rendering. Explicitly configure spring.jpa.open-in-view to disable this warning
2022-08-18 16:46:15.341  INFO 19128 --- [restartedMain] o.s.b.d.a.OptionalLiveReloadServer       : LiveReload server is running on port 35729
2022-08-18 16:46:15.394  INFO 19128 --- [restartedMain] o.s.b.w.embedded.tomcat.TomcatWebServer  : Tomcat started on port(s): 8080 (http) with context path ''
2022-08-18 16:46:15.407  INFO 19128 --- [restartedMain] c.f.a.AirtelIntegrationApplication       : Started AirtelIntegrationApplication in 6.66 seconds (JVM running for 7.513)
2022-08-18 16:46:18.695  INFO 19128 --- [http-nio-8080-exec-1] o.a.c.c.C.[Tomcat].[localhost].[/]       : Initializing Spring DispatcherServlet 'dispatcherServlet'
2022-08-18 16:46:18.696  INFO 19128 --- [http-nio-8080-exec-1] o.s.web.servlet.DispatcherServlet        : Initializing Servlet 'dispatcherServlet'
2022-08-18 16:46:18.697  INFO 19128 --- [http-nio-8080-exec-1] o.s.web.servlet.DispatcherServlet        : Completed initialization in 1 ms
2022-08-18 16:46:18.751  INFO 19128 --- [http-nio-8080-exec-1] c.f.a.src.PaymentDetailsService          : [Inside the listAllPaymentDetailsWithPaginationAndSorting method]: Retrieving all payments from the database
2022-08-18 16:46:32.822  INFO 21584 --- [restartedMain] c.f.a.AirtelIntegrationApplication       : Starting AirtelIntegrationApplication using Java 1.8.0_202 on 28635UGNCPS29L with PID 21584 (C:\Flyhub_projects\airtel-integrations\target\classes started by C849152 in C:\Flyhub_projects\airtel-integrations)
2022-08-18 16:46:32.824  INFO 21584 --- [restartedMain] c.f.a.AirtelIntegrationApplication       : The following 1 profile is active: "dev"
2022-08-18 16:46:32.915  INFO 21584 --- [restartedMain] .e.DevToolsPropertyDefaultsPostProcessor : Devtools property defaults active! Set 'spring.devtools.add-properties' to 'false' to disable
2022-08-18 16:46:32.915  INFO 21584 --- [restartedMain] .e.DevToolsPropertyDefaultsPostProcessor : For additional web related logging consider setting the 'logging.level.web' property to 'DEBUG'
2022-08-18 16:46:33.747  INFO 21584 --- [restartedMain] .s.d.r.c.RepositoryConfigurationDelegate : Bootstrapping Spring Data JPA repositories in DEFAULT mode.
2022-08-18 16:46:33.822  INFO 21584 --- [restartedMain] .s.d.r.c.RepositoryConfigurationDelegate : Finished Spring Data repository scanning in 61 ms. Found 1 JPA repository interfaces.
2022-08-18 16:46:34.872  INFO 21584 --- [restartedMain] o.s.b.w.embedded.tomcat.TomcatWebServer  : Tomcat initialized with port(s): 8080 (http)
2022-08-18 16:46:34.920  INFO 21584 --- [restartedMain] o.apache.catalina.core.StandardService   : Starting service [Tomcat]
2022-08-18 16:46:34.921  INFO 21584 --- [restartedMain] org.apache.catalina.core.StandardEngine  : Starting Servlet engine: [Apache Tomcat/9.0.64]
2022-08-18 16:46:35.052  INFO 21584 --- [restartedMain] o.a.c.c.C.[Tomcat].[localhost].[/]       : Initializing Spring embedded WebApplicationContext
2022-08-18 16:46:35.053  INFO 21584 --- [restartedMain] w.s.c.ServletWebServerApplicationContext : Root WebApplicationContext: initialization completed in 2137 ms
2022-08-18 16:46:35.218  INFO 21584 --- [restartedMain] o.hibernate.jpa.internal.util.LogHelper  : HHH000204: Processing PersistenceUnitInfo [name: default]
2022-08-18 16:46:35.279  INFO 21584 --- [restartedMain] org.hibernate.Version                    : HHH000412: Hibernate ORM core version 5.6.9.Final
2022-08-18 16:46:35.473  INFO 21584 --- [restartedMain] o.hibernate.annotations.common.Version   : HCANN000001: Hibernate Commons Annotations {5.1.2.Final}
2022-08-18 16:46:35.574  INFO 21584 --- [restartedMain] com.zaxxer.hikari.HikariDataSource       : HikariPool-1 - Starting...
2022-08-18 16:46:36.059  INFO 21584 --- [restartedMain] com.zaxxer.hikari.HikariDataSource       : HikariPool-1 - Start completed.
2022-08-18 16:46:36.077  INFO 21584 --- [restartedMain] org.hibernate.dialect.Dialect            : HHH000400: Using dialect: org.hibernate.dialect.PostgreSQLDialect
2022-08-18 16:46:37.005  INFO 21584 --- [restartedMain] o.h.e.t.j.p.i.JtaPlatformInitiator       : HHH000490: Using JtaPlatform implementation: [org.hibernate.engine.transaction.jta.platform.internal.NoJtaPlatform]
2022-08-18 16:46:37.014  INFO 21584 --- [restartedMain] j.LocalContainerEntityManagerFactoryBean : Initialized JPA EntityManagerFactory for persistence unit 'default'
2022-08-18 16:46:37.395  WARN 21584 --- [restartedMain] JpaBaseConfiguration$JpaWebConfiguration : spring.jpa.open-in-view is enabled by default. Therefore, database queries may be performed during view rendering. Explicitly configure spring.jpa.open-in-view to disable this warning
2022-08-18 16:46:38.468  INFO 21584 --- [restartedMain] o.s.b.d.a.OptionalLiveReloadServer       : LiveReload server is running on port 35729
2022-08-18 16:46:38.505  INFO 21584 --- [restartedMain] o.s.b.w.embedded.tomcat.TomcatWebServer  : Tomcat started on port(s): 8080 (http) with context path ''
2022-08-18 16:46:38.517  INFO 21584 --- [restartedMain] c.f.a.AirtelIntegrationApplication       : Started AirtelIntegrationApplication in 6.215 seconds (JVM running for 6.915)
2022-08-18 16:46:47.945  INFO 21584 --- [http-nio-8080-exec-1] o.a.c.c.C.[Tomcat].[localhost].[/]       : Initializing Spring DispatcherServlet 'dispatcherServlet'
2022-08-18 16:46:47.946  INFO 21584 --- [http-nio-8080-exec-1] o.s.web.servlet.DispatcherServlet        : Initializing Servlet 'dispatcherServlet'
2022-08-18 16:46:47.947  INFO 21584 --- [http-nio-8080-exec-1] o.s.web.servlet.DispatcherServlet        : Completed initialization in 1 ms
2022-08-18 16:46:48.004  INFO 21584 --- [http-nio-8080-exec-1] c.f.a.src.PaymentDetailsService          : [Inside the listAllPaymentDetailsWithPaginationAndSorting method]: Retrieving all payments from the database
2022-08-18 16:47:30.367  WARN 21584 --- [http-nio-8080-exec-4] .m.m.a.ExceptionHandlerExceptionResolver : Resolved [org.springframework.web.bind.MethodArgumentNotValidException: Validation failed for argument [0] in public org.springframework.http.ResponseEntity<?> com.flyhub.airtelintegration.src.PaymentsDetailsController.savePaymentsDetails(com.flyhub.airtelintegration.src.PaymentDetails) with 2 errors: [Field error in object 'paymentDetails' on field 'amount': rejected value []; codes [NotBlank.paymentDetails.amount,NotBlank.amount,NotBlank.java.lang.String,NotBlank]; arguments [org.springframework.context.support.DefaultMessageSourceResolvable: codes [paymentDetails.amount,amount]; arguments []; default message [amount]]; default message [Amount should not be empty]] [Field error in object 'paymentDetails' on field 'reference': rejected value []; codes [NotBlank.paymentDetails.reference,NotBlank.reference,NotBlank.java.lang.String,NotBlank]; arguments [org.springframework.context.support.DefaultMessageSourceResolvable: codes [paymentDetails.reference,reference]; arguments []; default message [reference]]; default message [Reference should not be empty]] ]
2022-08-18 16:47:58.408  WARN 21584 --- [http-nio-8080-exec-8] .m.m.a.ExceptionHandlerExceptionResolver : Resolved [org.springframework.web.bind.MethodArgumentNotValidException: Validation failed for argument [0] in public org.springframework.http.ResponseEntity<?> com.flyhub.airtelintegration.src.PaymentsDetailsController.savePaymentsDetails(com.flyhub.airtelintegration.src.PaymentDetails): [Field error in object 'paymentDetails' on field 'amount': rejected value []; codes [NotBlank.paymentDetails.amount,NotBlank.amount,NotBlank.java.lang.String,NotBlank]; arguments [org.springframework.context.support.DefaultMessageSourceResolvable: codes [paymentDetails.amount,amount]; arguments []; default message [amount]]; default message [Amount should not be empty]] ]
2022-08-18 16:48:08.052  INFO 21584 --- [http-nio-8080-exec-10] c.f.a.src.PaymentDetailsService          : [Inside the receivePaymentsDetails method]: Receiving payments
2022-08-18 16:52:49.564  INFO 21584 --- [http-nio-8080-exec-3] c.f.a.src.PaymentDetailsService          : [Inside the generateExcelReport method]: Retrieving all payments from the database
2022-08-18 16:52:49.575  INFO 21584 --- [http-nio-8080-exec-3] c.f.a.src.PaymentDetailsService          : Creating sheet: Payment Details
2022-08-18 16:52:50.068  INFO 21584 --- [http-nio-8080-exec-3] c.f.a.src.PaymentDetailsService          : Designing the excel document
2022-08-18 16:52:50.072  INFO 21584 --- [http-nio-8080-exec-3] c.f.a.src.PaymentDetailsService          : Designing the excel document cell style
2022-08-18 16:52:50.076  INFO 21584 --- [http-nio-8080-exec-3] c.f.a.src.PaymentDetailsService          : Creating the row for the excel document
2022-08-18 16:52:50.128  INFO 21584 --- [http-nio-8080-exec-3] c.f.a.src.PaymentDetailsService          : Creating Other rows and cells with their data
2022-08-18 16:52:50.168  INFO 21584 --- [http-nio-8080-exec-3] c.f.a.src.PaymentDetailsService          : Resizing all columns to fit the content size
2022-08-18 16:52:50.399  INFO 21584 --- [http-nio-8080-exec-3] c.f.a.src.PaymentDetailsService          : Writing the output to a file
2022-08-18 16:53:03.573  INFO 21584 --- [http-nio-8080-exec-4] c.f.a.src.PaymentDetailsService          : [Inside the downloadFile method]: Downloading report
2022-08-18 16:53:10.333  INFO 21584 --- [http-nio-8080-exec-5] c.f.a.src.PaymentDetailsService          : [Inside the downloadFile method]: Downloading report
2022-08-18 16:53:22.121  INFO 21584 --- [http-nio-8080-exec-6] c.f.a.src.PaymentDetailsService          : [Inside the generateExcelReport method]: Retrieving all payments from the database
2022-08-18 16:53:22.130  INFO 21584 --- [http-nio-8080-exec-6] c.f.a.src.PaymentDetailsService          : Creating sheet: Payment Details
2022-08-18 16:53:22.133  INFO 21584 --- [http-nio-8080-exec-6] c.f.a.src.PaymentDetailsService          : Designing the excel document
2022-08-18 16:53:22.133  INFO 21584 --- [http-nio-8080-exec-6] c.f.a.src.PaymentDetailsService          : Designing the excel document cell style
2022-08-18 16:53:22.134  INFO 21584 --- [http-nio-8080-exec-6] c.f.a.src.PaymentDetailsService          : Creating the row for the excel document
2022-08-18 16:53:22.136  INFO 21584 --- [http-nio-8080-exec-6] c.f.a.src.PaymentDetailsService          : Creating Other rows and cells with their data
2022-08-18 16:53:22.155  INFO 21584 --- [http-nio-8080-exec-6] c.f.a.src.PaymentDetailsService          : Resizing all columns to fit the content size
2022-08-18 16:53:22.181  INFO 21584 --- [http-nio-8080-exec-6] c.f.a.src.PaymentDetailsService          : Writing the output to a file
2022-08-18 16:53:26.939  INFO 21584 --- [http-nio-8080-exec-7] c.f.a.src.PaymentDetailsService          : [Inside the downloadFile method]: Downloading report
2022-08-18 16:54:36.332  INFO 23276 --- [restartedMain] c.f.a.AirtelIntegrationApplication       : Starting AirtelIntegrationApplication using Java 1.8.0_202 on 28635UGNCPS29L with PID 23276 (C:\Flyhub_projects\airtel-integrations\target\classes started by C849152 in C:\Flyhub_projects\airtel-integrations)
2022-08-18 16:54:36.334  INFO 23276 --- [restartedMain] c.f.a.AirtelIntegrationApplication       : The following 1 profile is active: "dev"
2022-08-18 16:54:36.406  INFO 23276 --- [restartedMain] .e.DevToolsPropertyDefaultsPostProcessor : Devtools property defaults active! Set 'spring.devtools.add-properties' to 'false' to disable
2022-08-18 16:54:36.407  INFO 23276 --- [restartedMain] .e.DevToolsPropertyDefaultsPostProcessor : For additional web related logging consider setting the 'logging.level.web' property to 'DEBUG'
2022-08-18 16:54:37.200  INFO 23276 --- [restartedMain] .s.d.r.c.RepositoryConfigurationDelegate : Bootstrapping Spring Data JPA repositories in DEFAULT mode.
2022-08-18 16:54:37.266  INFO 23276 --- [restartedMain] .s.d.r.c.RepositoryConfigurationDelegate : Finished Spring Data repository scanning in 53 ms. Found 1 JPA repository interfaces.
2022-08-18 16:54:38.375  INFO 23276 --- [restartedMain] o.s.b.w.embedded.tomcat.TomcatWebServer  : Tomcat initialized with port(s): 8080 (http)
2022-08-18 16:54:38.424  INFO 23276 --- [restartedMain] o.apache.catalina.core.StandardService   : Starting service [Tomcat]
2022-08-18 16:54:38.424  INFO 23276 --- [restartedMain] org.apache.catalina.core.StandardEngine  : Starting Servlet engine: [Apache Tomcat/9.0.64]
2022-08-18 16:54:38.567  INFO 23276 --- [restartedMain] o.a.c.c.C.[Tomcat].[localhost].[/]       : Initializing Spring embedded WebApplicationContext
2022-08-18 16:54:38.567  INFO 23276 --- [restartedMain] w.s.c.ServletWebServerApplicationContext : Root WebApplicationContext: initialization completed in 2159 ms
2022-08-18 16:54:38.742  INFO 23276 --- [restartedMain] o.hibernate.jpa.internal.util.LogHelper  : HHH000204: Processing PersistenceUnitInfo [name: default]
2022-08-18 16:54:38.815  INFO 23276 --- [restartedMain] org.hibernate.Version                    : HHH000412: Hibernate ORM core version 5.6.9.Final
2022-08-18 16:54:39.006  INFO 23276 --- [restartedMain] o.hibernate.annotations.common.Version   : HCANN000001: Hibernate Commons Annotations {5.1.2.Final}
2022-08-18 16:54:39.107  INFO 23276 --- [restartedMain] com.zaxxer.hikari.HikariDataSource       : HikariPool-1 - Starting...
2022-08-18 16:54:39.590  INFO 23276 --- [restartedMain] com.zaxxer.hikari.HikariDataSource       : HikariPool-1 - Start completed.
2022-08-18 16:54:39.608  INFO 23276 --- [restartedMain] org.hibernate.dialect.Dialect            : HHH000400: Using dialect: org.hibernate.dialect.PostgreSQLDialect
2022-08-18 16:54:40.445  INFO 23276 --- [restartedMain] o.h.e.t.j.p.i.JtaPlatformInitiator       : HHH000490: Using JtaPlatform implementation: [org.hibernate.engine.transaction.jta.platform.internal.NoJtaPlatform]
2022-08-18 16:54:40.453  INFO 23276 --- [restartedMain] j.LocalContainerEntityManagerFactoryBean : Initialized JPA EntityManagerFactory for persistence unit 'default'
2022-08-18 16:54:40.799  WARN 23276 --- [restartedMain] JpaBaseConfiguration$JpaWebConfiguration : spring.jpa.open-in-view is enabled by default. Therefore, database queries may be performed during view rendering. Explicitly configure spring.jpa.open-in-view to disable this warning
2022-08-18 16:54:41.829  INFO 23276 --- [restartedMain] o.s.b.d.a.OptionalLiveReloadServer       : LiveReload server is running on port 35729
2022-08-18 16:54:41.867  INFO 23276 --- [restartedMain] o.s.b.w.embedded.tomcat.TomcatWebServer  : Tomcat started on port(s): 8080 (http) with context path ''
2022-08-18 16:54:41.880  INFO 23276 --- [restartedMain] c.f.a.AirtelIntegrationApplication       : Started AirtelIntegrationApplication in 6.108 seconds (JVM running for 6.84)
2022-08-18 16:54:54.509  INFO 23276 --- [http-nio-8080-exec-1] o.a.c.c.C.[Tomcat].[localhost].[/]       : Initializing Spring DispatcherServlet 'dispatcherServlet'
2022-08-18 16:54:54.510  INFO 23276 --- [http-nio-8080-exec-1] o.s.web.servlet.DispatcherServlet        : Initializing Servlet 'dispatcherServlet'
2022-08-18 16:54:54.511  INFO 23276 --- [http-nio-8080-exec-1] o.s.web.servlet.DispatcherServlet        : Completed initialization in 1 ms
2022-08-18 16:54:54.559  INFO 23276 --- [http-nio-8080-exec-1] c.f.a.src.PaymentDetailsService          : [Inside the downloadFile method]: Downloading report
2022-08-18 16:55:02.089  INFO 23276 --- [http-nio-8080-exec-3] c.f.a.src.PaymentDetailsService          : [Inside the generateExcelReport method]: Retrieving all payments from the database
2022-08-18 16:55:02.303  INFO 23276 --- [http-nio-8080-exec-3] c.f.a.src.PaymentDetailsService          : Creating sheet: Payment Details
2022-08-18 16:55:02.646  INFO 23276 --- [http-nio-8080-exec-3] c.f.a.src.PaymentDetailsService          : Designing the excel document
2022-08-18 16:55:02.647  INFO 23276 --- [http-nio-8080-exec-3] c.f.a.src.PaymentDetailsService          : Designing the excel document cell style
2022-08-18 16:55:02.649  INFO 23276 --- [http-nio-8080-exec-3] c.f.a.src.PaymentDetailsService          : Creating the row for the excel document
2022-08-18 16:55:02.680  INFO 23276 --- [http-nio-8080-exec-3] c.f.a.src.PaymentDetailsService          : Creating Other rows and cells with their data
2022-08-18 16:55:02.711  INFO 23276 --- [http-nio-8080-exec-3] c.f.a.src.PaymentDetailsService          : Resizing all columns to fit the content size
2022-08-18 16:55:02.829  INFO 23276 --- [http-nio-8080-exec-3] c.f.a.src.PaymentDetailsService          : Writing the output to a file
2022-08-18 16:55:15.302  INFO 23276 --- [http-nio-8080-exec-4] c.f.a.src.PaymentDetailsService          : [Inside the generateExcelReport method]: Retrieving all payments from the database
2022-08-18 16:55:15.310  INFO 23276 --- [http-nio-8080-exec-4] c.f.a.src.PaymentDetailsService          : Creating sheet: Payment Details
2022-08-18 16:55:15.312  INFO 23276 --- [http-nio-8080-exec-4] c.f.a.src.PaymentDetailsService          : Designing the excel document
2022-08-18 16:55:15.313  INFO 23276 --- [http-nio-8080-exec-4] c.f.a.src.PaymentDetailsService          : Designing the excel document cell style
2022-08-18 16:55:15.313  INFO 23276 --- [http-nio-8080-exec-4] c.f.a.src.PaymentDetailsService          : Creating the row for the excel document
2022-08-18 16:55:15.315  INFO 23276 --- [http-nio-8080-exec-4] c.f.a.src.PaymentDetailsService          : Creating Other rows and cells with their data
2022-08-18 16:55:15.340  INFO 23276 --- [http-nio-8080-exec-4] c.f.a.src.PaymentDetailsService          : Resizing all columns to fit the content size
2022-08-18 16:55:15.363  INFO 23276 --- [http-nio-8080-exec-4] c.f.a.src.PaymentDetailsService          : Writing the output to a file
2022-08-18 16:55:21.178  INFO 23276 --- [http-nio-8080-exec-5] c.f.a.src.PaymentDetailsService          : [Inside the downloadFile method]: Downloading report
2022-08-18 16:56:00.897  INFO 23276 --- [http-nio-8080-exec-6] c.f.a.src.PaymentDetailsService          : [Inside the downloadFile method]: Downloading report
2022-08-18 16:56:17.810  INFO 23276 --- [http-nio-8080-exec-7] c.f.a.src.PaymentDetailsService          : [Inside the getPaymentById method]: Retrieving payment from the database
2022-08-18 16:56:30.154  INFO 23276 --- [http-nio-8080-exec-8] c.f.a.src.PaymentDetailsService          : [Inside the getPaymentById method]: Retrieving payment from the database
2022-08-18 16:56:30.158  WARN 23276 --- [http-nio-8080-exec-8] .m.m.a.ExceptionHandlerExceptionResolver : Resolved [com.flyhub.airtelintegration.src.exceptions.RecordNotFoundException: Record with id 100 not found]
2022-08-18 16:56:35.795  INFO 23276 --- [http-nio-8080-exec-9] c.f.a.src.PaymentDetailsService          : [Inside the getPaymentById method]: Retrieving payment from the database
2022-08-18 16:56:42.845  INFO 23276 --- [http-nio-8080-exec-10] c.f.a.src.PaymentDetailsService          : [Inside the receivePaymentsDetails method]: Receiving payments
2022-08-18 16:56:46.918  INFO 23276 --- [http-nio-8080-exec-2] c.f.a.src.PaymentDetailsService          : [Inside the listAllPaymentDetailsWithPaginationAndSorting method]: Retrieving all payments from the database
2022-08-18 16:56:55.404  INFO 23276 --- [http-nio-8080-exec-1] c.f.a.src.PaymentDetailsService          : [Inside the generateExcelReport method]: Retrieving all payments from the database
2022-08-18 16:56:55.411  INFO 23276 --- [http-nio-8080-exec-1] c.f.a.src.PaymentDetailsService          : Creating sheet: Payment Details
2022-08-18 16:56:55.412  INFO 23276 --- [http-nio-8080-exec-1] c.f.a.src.PaymentDetailsService          : Designing the excel document
2022-08-18 16:56:55.413  INFO 23276 --- [http-nio-8080-exec-1] c.f.a.src.PaymentDetailsService          : Designing the excel document cell style
2022-08-18 16:56:55.413  INFO 23276 --- [http-nio-8080-exec-1] c.f.a.src.PaymentDetailsService          : Creating the row for the excel document
2022-08-18 16:56:55.414  INFO 23276 --- [http-nio-8080-exec-1] c.f.a.src.PaymentDetailsService          : Creating Other rows and cells with their data
2022-08-18 16:56:55.426  INFO 23276 --- [http-nio-8080-exec-1] c.f.a.src.PaymentDetailsService          : Resizing all columns to fit the content size
2022-08-18 16:56:55.451  INFO 23276 --- [http-nio-8080-exec-1] c.f.a.src.PaymentDetailsService          : Writing the output to a file
2022-08-18 16:57:29.113  INFO 23276 --- [http-nio-8080-exec-3] c.f.a.src.PaymentDetailsService          : [Inside the generateExcelReport method]: Retrieving all payments from the database
2022-08-18 16:57:29.119  INFO 23276 --- [http-nio-8080-exec-3] c.f.a.src.PaymentDetailsService          : Creating sheet: Payment Details
2022-08-18 16:57:29.121  INFO 23276 --- [http-nio-8080-exec-3] c.f.a.src.PaymentDetailsService          : Designing the excel document
2022-08-18 16:57:29.122  INFO 23276 --- [http-nio-8080-exec-3] c.f.a.src.PaymentDetailsService          : Designing the excel document cell style
2022-08-18 16:57:29.122  INFO 23276 --- [http-nio-8080-exec-3] c.f.a.src.PaymentDetailsService          : Creating the row for the excel document
2022-08-18 16:57:29.123  INFO 23276 --- [http-nio-8080-exec-3] c.f.a.src.PaymentDetailsService          : Creating Other rows and cells with their data
2022-08-18 16:57:29.132  INFO 23276 --- [http-nio-8080-exec-3] c.f.a.src.PaymentDetailsService          : Resizing all columns to fit the content size
2022-08-18 16:57:29.150  INFO 23276 --- [http-nio-8080-exec-3] c.f.a.src.PaymentDetailsService          : Writing the output to a file
2022-08-18 16:57:43.995  INFO 23276 --- [http-nio-8080-exec-4] c.f.a.src.PaymentDetailsService          : [Inside the downloadFile method]: Downloading report
2022-08-18 16:59:04.954  INFO 23132 --- [restartedMain] c.f.a.AirtelIntegrationApplication       : Starting AirtelIntegrationApplication using Java 1.8.0_202 on 28635UGNCPS29L with PID 23132 (C:\Flyhub_projects\airtel-integrations\target\classes started by C849152 in C:\Flyhub_projects\airtel-integrations)
2022-08-18 16:59:04.956  INFO 23132 --- [restartedMain] c.f.a.AirtelIntegrationApplication       : The following 1 profile is active: "dev"
2022-08-18 16:59:05.041  INFO 23132 --- [restartedMain] .e.DevToolsPropertyDefaultsPostProcessor : Devtools property defaults active! Set 'spring.devtools.add-properties' to 'false' to disable
2022-08-18 16:59:05.041  INFO 23132 --- [restartedMain] .e.DevToolsPropertyDefaultsPostProcessor : For additional web related logging consider setting the 'logging.level.web' property to 'DEBUG'
2022-08-18 16:59:05.877  INFO 23132 --- [restartedMain] .s.d.r.c.RepositoryConfigurationDelegate : Bootstrapping Spring Data JPA repositories in DEFAULT mode.
2022-08-18 16:59:05.937  INFO 23132 --- [restartedMain] .s.d.r.c.RepositoryConfigurationDelegate : Finished Spring Data repository scanning in 48 ms. Found 1 JPA repository interfaces.
2022-08-18 16:59:06.960  INFO 23132 --- [restartedMain] o.s.b.w.embedded.tomcat.TomcatWebServer  : Tomcat initialized with port(s): 8080 (http)
2022-08-18 16:59:06.971  INFO 23132 --- [restartedMain] o.apache.catalina.core.StandardService   : Starting service [Tomcat]
2022-08-18 16:59:06.973  INFO 23132 --- [restartedMain] org.apache.catalina.core.StandardEngine  : Starting Servlet engine: [Apache Tomcat/9.0.64]
2022-08-18 16:59:07.177  INFO 23132 --- [restartedMain] o.a.c.c.C.[Tomcat].[localhost].[/]       : Initializing Spring embedded WebApplicationContext
2022-08-18 16:59:07.177  INFO 23132 --- [restartedMain] w.s.c.ServletWebServerApplicationContext : Root WebApplicationContext: initialization completed in 2135 ms
2022-08-18 16:59:07.357  INFO 23132 --- [restartedMain] o.hibernate.jpa.internal.util.LogHelper  : HHH000204: Processing PersistenceUnitInfo [name: default]
2022-08-18 16:59:07.420  INFO 23132 --- [restartedMain] org.hibernate.Version                    : HHH000412: Hibernate ORM core version 5.6.9.Final
2022-08-18 16:59:07.698  INFO 23132 --- [restartedMain] o.hibernate.annotations.common.Version   : HCANN000001: Hibernate Commons Annotations {5.1.2.Final}
2022-08-18 16:59:07.794  INFO 23132 --- [restartedMain] com.zaxxer.hikari.HikariDataSource       : HikariPool-1 - Starting...
2022-08-18 16:59:08.283  INFO 23132 --- [restartedMain] com.zaxxer.hikari.HikariDataSource       : HikariPool-1 - Start completed.
2022-08-18 16:59:08.302  INFO 23132 --- [restartedMain] org.hibernate.dialect.Dialect            : HHH000400: Using dialect: org.hibernate.dialect.PostgreSQLDialect
2022-08-18 16:59:09.255  INFO 23132 --- [restartedMain] o.h.e.t.j.p.i.JtaPlatformInitiator       : HHH000490: Using JtaPlatform implementation: [org.hibernate.engine.transaction.jta.platform.internal.NoJtaPlatform]
2022-08-18 16:59:09.266  INFO 23132 --- [restartedMain] j.LocalContainerEntityManagerFactoryBean : Initialized JPA EntityManagerFactory for persistence unit 'default'
2022-08-18 16:59:09.684  WARN 23132 --- [restartedMain] JpaBaseConfiguration$JpaWebConfiguration : spring.jpa.open-in-view is enabled by default. Therefore, database queries may be performed during view rendering. Explicitly configure spring.jpa.open-in-view to disable this warning
2022-08-18 16:59:10.781  INFO 23132 --- [restartedMain] o.s.b.d.a.OptionalLiveReloadServer       : LiveReload server is running on port 35729
2022-08-18 16:59:10.814  INFO 23132 --- [restartedMain] o.s.b.w.embedded.tomcat.TomcatWebServer  : Tomcat started on port(s): 8080 (http) with context path ''
2022-08-18 16:59:10.824  INFO 23132 --- [restartedMain] c.f.a.AirtelIntegrationApplication       : Started AirtelIntegrationApplication in 6.396 seconds (JVM running for 7.126)
2022-08-18 16:59:23.264  INFO 23132 --- [http-nio-8080-exec-2] o.a.c.c.C.[Tomcat].[localhost].[/]       : Initializing Spring DispatcherServlet 'dispatcherServlet'
2022-08-18 16:59:23.265  INFO 23132 --- [http-nio-8080-exec-2] o.s.web.servlet.DispatcherServlet        : Initializing Servlet 'dispatcherServlet'
2022-08-18 16:59:23.266  INFO 23132 --- [http-nio-8080-exec-2] o.s.web.servlet.DispatcherServlet        : Completed initialization in 1 ms
2022-08-18 16:59:23.313  INFO 23132 --- [http-nio-8080-exec-2] c.f.a.src.PaymentDetailsService          : [Inside the downloadFile method]: Downloading report
2022-08-18 16:59:23.439  WARN 23132 --- [http-nio-8080-exec-2] .w.s.m.s.DefaultHandlerExceptionResolver : Failure while trying to resolve exception [org.springframework.http.converter.HttpMessageNotWritableException]

java.lang.IllegalStateException: Cannot call sendError() after the response has been committed
	at org.apache.catalina.connector.ResponseFacade.sendError(ResponseFacade.java:472) ~[tomcat-embed-core-9.0.64.jar:9.0.64]
	at javax.servlet.http.HttpServletResponseWrapper.sendError(HttpServletResponseWrapper.java:129) ~[tomcat-embed-core-9.0.64.jar:4.0.FR]
	at org.springframework.web.servlet.mvc.support.DefaultHandlerExceptionResolver.sendServerError(DefaultHandlerExceptionResolver.java:552) ~[spring-webmvc-5.3.21.jar:5.3.21]
	at org.springframework.web.servlet.mvc.support.DefaultHandlerExceptionResolver.handleHttpMessageNotWritable(DefaultHandlerExceptionResolver.java:442) ~[spring-webmvc-5.3.21.jar:5.3.21]
	at org.springframework.web.servlet.mvc.support.DefaultHandlerExceptionResolver.doResolveException(DefaultHandlerExceptionResolver.java:209) ~[spring-webmvc-5.3.21.jar:5.3.21]
	at org.springframework.web.servlet.handler.AbstractHandlerExceptionResolver.resolveException(AbstractHandlerExceptionResolver.java:142) [spring-webmvc-5.3.21.jar:5.3.21]
	at org.springframework.web.servlet.handler.HandlerExceptionResolverComposite.resolveException(HandlerExceptionResolverComposite.java:80) [spring-webmvc-5.3.21.jar:5.3.21]
	at org.springframework.web.servlet.DispatcherServlet.processHandlerException(DispatcherServlet.java:1327) [spring-webmvc-5.3.21.jar:5.3.21]
	at org.springframework.web.servlet.DispatcherServlet.processDispatchResult(DispatcherServlet.java:1138) [spring-webmvc-5.3.21.jar:5.3.21]
	at org.springframework.web.servlet.DispatcherServlet.doDispatch(DispatcherServlet.java:1084) [spring-webmvc-5.3.21.jar:5.3.21]
	at org.springframework.web.servlet.DispatcherServlet.doService(DispatcherServlet.java:963) [spring-webmvc-5.3.21.jar:5.3.21]
	at org.springframework.web.servlet.FrameworkServlet.processRequest(FrameworkServlet.java:1006) [spring-webmvc-5.3.21.jar:5.3.21]
	at org.springframework.web.servlet.FrameworkServlet.doGet(FrameworkServlet.java:898) [spring-webmvc-5.3.21.jar:5.3.21]
	at javax.servlet.http.HttpServlet.service(HttpServlet.java:655) [tomcat-embed-core-9.0.64.jar:4.0.FR]
	at org.springframework.web.servlet.FrameworkServlet.service(FrameworkServlet.java:883) [spring-webmvc-5.3.21.jar:5.3.21]
	at javax.servlet.http.HttpServlet.service(HttpServlet.java:764) [tomcat-embed-core-9.0.64.jar:4.0.FR]
	at org.apache.catalina.core.ApplicationFilterChain.internalDoFilter(ApplicationFilterChain.java:227) [tomcat-embed-core-9.0.64.jar:9.0.64]
	at org.apache.catalina.core.ApplicationFilterChain.doFilter(ApplicationFilterChain.java:162) [tomcat-embed-core-9.0.64.jar:9.0.64]
	at org.apache.tomcat.websocket.server.WsFilter.doFilter(WsFilter.java:53) [tomcat-embed-websocket-9.0.64.jar:9.0.64]
	at org.apache.catalina.core.ApplicationFilterChain.internalDoFilter(ApplicationFilterChain.java:189) [tomcat-embed-core-9.0.64.jar:9.0.64]
	at org.apache.catalina.core.ApplicationFilterChain.doFilter(ApplicationFilterChain.java:162) [tomcat-embed-core-9.0.64.jar:9.0.64]
	at org.springframework.web.servlet.resource.ResourceUrlEncodingFilter.doFilter(ResourceUrlEncodingFilter.java:67) [spring-webmvc-5.3.21.jar:5.3.21]
	at org.apache.catalina.core.ApplicationFilterChain.internalDoFilter(ApplicationFilterChain.java:189) [tomcat-embed-core-9.0.64.jar:9.0.64]
	at org.apache.catalina.core.ApplicationFilterChain.doFilter(ApplicationFilterChain.java:162) [tomcat-embed-core-9.0.64.jar:9.0.64]
	at org.springframework.web.filter.RequestContextFilter.doFilterInternal(RequestContextFilter.java:100) [spring-web-5.3.21.jar:5.3.21]
	at org.springframework.web.filter.OncePerRequestFilter.doFilter(OncePerRequestFilter.java:117) [spring-web-5.3.21.jar:5.3.21]
	at org.apache.catalina.core.ApplicationFilterChain.internalDoFilter(ApplicationFilterChain.java:189) [tomcat-embed-core-9.0.64.jar:9.0.64]
	at org.apache.catalina.core.ApplicationFilterChain.doFilter(ApplicationFilterChain.java:162) [tomcat-embed-core-9.0.64.jar:9.0.64]
	at org.springframework.web.filter.FormContentFilter.doFilterInternal(FormContentFilter.java:93) [spring-web-5.3.21.jar:5.3.21]
	at org.springframework.web.filter.OncePerRequestFilter.doFilter(OncePerRequestFilter.java:117) [spring-web-5.3.21.jar:5.3.21]
	at org.apache.catalina.core.ApplicationFilterChain.internalDoFilter(ApplicationFilterChain.java:189) [tomcat-embed-core-9.0.64.jar:9.0.64]
	at org.apache.catalina.core.ApplicationFilterChain.doFilter(ApplicationFilterChain.java:162) [tomcat-embed-core-9.0.64.jar:9.0.64]
	at org.springframework.web.filter.CharacterEncodingFilter.doFilterInternal(CharacterEncodingFilter.java:201) [spring-web-5.3.21.jar:5.3.21]
	at org.springframework.web.filter.OncePerRequestFilter.doFilter(OncePerRequestFilter.java:117) [spring-web-5.3.21.jar:5.3.21]
	at org.apache.catalina.core.ApplicationFilterChain.internalDoFilter(ApplicationFilterChain.java:189) [tomcat-embed-core-9.0.64.jar:9.0.64]
	at org.apache.catalina.core.ApplicationFilterChain.doFilter(ApplicationFilterChain.java:162) [tomcat-embed-core-9.0.64.jar:9.0.64]
	at org.apache.catalina.core.StandardWrapperValve.invoke(StandardWrapperValve.java:197) [tomcat-embed-core-9.0.64.jar:9.0.64]
	at org.apache.catalina.core.StandardContextValve.invoke(StandardContextValve.java:97) [tomcat-embed-core-9.0.64.jar:9.0.64]
	at org.apache.catalina.authenticator.AuthenticatorBase.invoke(AuthenticatorBase.java:541) [tomcat-embed-core-9.0.64.jar:9.0.64]
	at org.apache.catalina.core.StandardHostValve.invoke(StandardHostValve.java:135) [tomcat-embed-core-9.0.64.jar:9.0.64]
	at org.apache.catalina.valves.ErrorReportValve.invoke(ErrorReportValve.java:92) [tomcat-embed-core-9.0.64.jar:9.0.64]
	at org.apache.catalina.core.StandardEngineValve.invoke(StandardEngineValve.java:78) [tomcat-embed-core-9.0.64.jar:9.0.64]
	at org.apache.catalina.connector.CoyoteAdapter.service(CoyoteAdapter.java:360) [tomcat-embed-core-9.0.64.jar:9.0.64]
	at org.apache.coyote.http11.Http11Processor.service(Http11Processor.java:399) [tomcat-embed-core-9.0.64.jar:9.0.64]
	at org.apache.coyote.AbstractProcessorLight.process(AbstractProcessorLight.java:65) [tomcat-embed-core-9.0.64.jar:9.0.64]
	at org.apache.coyote.AbstractProtocol$ConnectionHandler.process(AbstractProtocol.java:890) [tomcat-embed-core-9.0.64.jar:9.0.64]
	at org.apache.tomcat.util.net.NioEndpoint$SocketProcessor.doRun(NioEndpoint.java:1787) [tomcat-embed-core-9.0.64.jar:9.0.64]
	at org.apache.tomcat.util.net.SocketProcessorBase.run(SocketProcessorBase.java:49) [tomcat-embed-core-9.0.64.jar:9.0.64]
	at org.apache.tomcat.util.threads.ThreadPoolExecutor.runWorker(ThreadPoolExecutor.java:1191) [tomcat-embed-core-9.0.64.jar:9.0.64]
	at org.apache.tomcat.util.threads.ThreadPoolExecutor$Worker.run(ThreadPoolExecutor.java:659) [tomcat-embed-core-9.0.64.jar:9.0.64]
	at org.apache.tomcat.util.threads.TaskThread$WrappingRunnable.run(TaskThread.java:61) [tomcat-embed-core-9.0.64.jar:9.0.64]
	at java.lang.Thread.run(Thread.java:748) [na:1.8.0_202]

2022-08-18 16:59:23.442 ERROR 23132 --- [http-nio-8080-exec-2] o.a.c.c.C.[.[.[/].[dispatcherServlet]    : Servlet.service() for servlet [dispatcherServlet] in context with path [] threw exception [Request processing failed; nested exception is org.springframework.http.converter.HttpMessageNotWritableException: No converter for [class com.flyhub.airtelintegration.src.OperationResponse] with preset Content-Type 'application/vnd.ms-excel'] with root cause

org.springframework.http.converter.HttpMessageNotWritableException: No converter for [class com.flyhub.airtelintegration.src.OperationResponse] with preset Content-Type 'application/vnd.ms-excel'
	at org.springframework.web.servlet.mvc.method.annotation.AbstractMessageConverterMethodProcessor.writeWithMessageConverters(AbstractMessageConverterMethodProcessor.java:312) ~[spring-webmvc-5.3.21.jar:5.3.21]
	at org.springframework.web.servlet.mvc.method.annotation.HttpEntityMethodProcessor.handleReturnValue(HttpEntityMethodProcessor.java:219) ~[spring-webmvc-5.3.21.jar:5.3.21]
	at org.springframework.web.method.support.HandlerMethodReturnValueHandlerComposite.handleReturnValue(HandlerMethodReturnValueHandlerComposite.java:78) ~[spring-web-5.3.21.jar:5.3.21]
	at org.springframework.web.servlet.mvc.method.annotation.ServletInvocableHandlerMethod.invokeAndHandle(ServletInvocableHandlerMethod.java:135) ~[spring-webmvc-5.3.21.jar:5.3.21]
	at org.springframework.web.servlet.mvc.method.annotation.RequestMappingHandlerAdapter.invokeHandlerMethod(RequestMappingHandlerAdapter.java:895) ~[spring-webmvc-5.3.21.jar:5.3.21]
	at org.springframework.web.servlet.mvc.method.annotation.RequestMappingHandlerAdapter.handleInternal(RequestMappingHandlerAdapter.java:808) ~[spring-webmvc-5.3.21.jar:5.3.21]
	at org.springframework.web.servlet.mvc.method.AbstractHandlerMethodAdapter.handle(AbstractHandlerMethodAdapter.java:87) ~[spring-webmvc-5.3.21.jar:5.3.21]
	at org.springframework.web.servlet.DispatcherServlet.doDispatch(DispatcherServlet.java:1067) ~[spring-webmvc-5.3.21.jar:5.3.21]
	at org.springframework.web.servlet.DispatcherServlet.doService(DispatcherServlet.java:963) ~[spring-webmvc-5.3.21.jar:5.3.21]
	at org.springframework.web.servlet.FrameworkServlet.processRequest(FrameworkServlet.java:1006) ~[spring-webmvc-5.3.21.jar:5.3.21]
	at org.springframework.web.servlet.FrameworkServlet.doGet(FrameworkServlet.java:898) ~[spring-webmvc-5.3.21.jar:5.3.21]
	at javax.servlet.http.HttpServlet.service(HttpServlet.java:655) ~[tomcat-embed-core-9.0.64.jar:4.0.FR]
	at org.springframework.web.servlet.FrameworkServlet.service(FrameworkServlet.java:883) ~[spring-webmvc-5.3.21.jar:5.3.21]
	at javax.servlet.http.HttpServlet.service(HttpServlet.java:764) ~[tomcat-embed-core-9.0.64.jar:4.0.FR]
	at org.apache.catalina.core.ApplicationFilterChain.internalDoFilter(ApplicationFilterChain.java:227) ~[tomcat-embed-core-9.0.64.jar:9.0.64]
	at org.apache.catalina.core.ApplicationFilterChain.doFilter(ApplicationFilterChain.java:162) ~[tomcat-embed-core-9.0.64.jar:9.0.64]
	at org.apache.tomcat.websocket.server.WsFilter.doFilter(WsFilter.java:53) ~[tomcat-embed-websocket-9.0.64.jar:9.0.64]
	at org.apache.catalina.core.ApplicationFilterChain.internalDoFilter(ApplicationFilterChain.java:189) ~[tomcat-embed-core-9.0.64.jar:9.0.64]
	at org.apache.catalina.core.ApplicationFilterChain.doFilter(ApplicationFilterChain.java:162) ~[tomcat-embed-core-9.0.64.jar:9.0.64]
	at org.springframework.web.servlet.resource.ResourceUrlEncodingFilter.doFilter(ResourceUrlEncodingFilter.java:67) ~[spring-webmvc-5.3.21.jar:5.3.21]
	at org.apache.catalina.core.ApplicationFilterChain.internalDoFilter(ApplicationFilterChain.java:189) ~[tomcat-embed-core-9.0.64.jar:9.0.64]
	at org.apache.catalina.core.ApplicationFilterChain.doFilter(ApplicationFilterChain.java:162) ~[tomcat-embed-core-9.0.64.jar:9.0.64]
	at org.springframework.web.filter.RequestContextFilter.doFilterInternal(RequestContextFilter.java:100) ~[spring-web-5.3.21.jar:5.3.21]
	at org.springframework.web.filter.OncePerRequestFilter.doFilter(OncePerRequestFilter.java:117) ~[spring-web-5.3.21.jar:5.3.21]
	at org.apache.catalina.core.ApplicationFilterChain.internalDoFilter(ApplicationFilterChain.java:189) ~[tomcat-embed-core-9.0.64.jar:9.0.64]
	at org.apache.catalina.core.ApplicationFilterChain.doFilter(ApplicationFilterChain.java:162) ~[tomcat-embed-core-9.0.64.jar:9.0.64]
	at org.springframework.web.filter.FormContentFilter.doFilterInternal(FormContentFilter.java:93) ~[spring-web-5.3.21.jar:5.3.21]
	at org.springframework.web.filter.OncePerRequestFilter.doFilter(OncePerRequestFilter.java:117) ~[spring-web-5.3.21.jar:5.3.21]
	at org.apache.catalina.core.ApplicationFilterChain.internalDoFilter(ApplicationFilterChain.java:189) ~[tomcat-embed-core-9.0.64.jar:9.0.64]
	at org.apache.catalina.core.ApplicationFilterChain.doFilter(ApplicationFilterChain.java:162) ~[tomcat-embed-core-9.0.64.jar:9.0.64]
	at org.springframework.web.filter.CharacterEncodingFilter.doFilterInternal(CharacterEncodingFilter.java:201) ~[spring-web-5.3.21.jar:5.3.21]
	at org.springframework.web.filter.OncePerRequestFilter.doFilter(OncePerRequestFilter.java:117) ~[spring-web-5.3.21.jar:5.3.21]
	at org.apache.catalina.core.ApplicationFilterChain.internalDoFilter(ApplicationFilterChain.java:189) ~[tomcat-embed-core-9.0.64.jar:9.0.64]
	at org.apache.catalina.core.ApplicationFilterChain.doFilter(ApplicationFilterChain.java:162) ~[tomcat-embed-core-9.0.64.jar:9.0.64]
	at org.apache.catalina.core.StandardWrapperValve.invoke(StandardWrapperValve.java:197) ~[tomcat-embed-core-9.0.64.jar:9.0.64]
	at org.apache.catalina.core.StandardContextValve.invoke(StandardContextValve.java:97) [tomcat-embed-core-9.0.64.jar:9.0.64]
	at org.apache.catalina.authenticator.AuthenticatorBase.invoke(AuthenticatorBase.java:541) [tomcat-embed-core-9.0.64.jar:9.0.64]
	at org.apache.catalina.core.StandardHostValve.invoke(StandardHostValve.java:135) [tomcat-embed-core-9.0.64.jar:9.0.64]
	at org.apache.catalina.valves.ErrorReportValve.invoke(ErrorReportValve.java:92) [tomcat-embed-core-9.0.64.jar:9.0.64]
	at org.apache.catalina.core.StandardEngineValve.invoke(StandardEngineValve.java:78) [tomcat-embed-core-9.0.64.jar:9.0.64]
	at org.apache.catalina.connector.CoyoteAdapter.service(CoyoteAdapter.java:360) [tomcat-embed-core-9.0.64.jar:9.0.64]
	at org.apache.coyote.http11.Http11Processor.service(Http11Processor.java:399) [tomcat-embed-core-9.0.64.jar:9.0.64]
	at org.apache.coyote.AbstractProcessorLight.process(AbstractProcessorLight.java:65) [tomcat-embed-core-9.0.64.jar:9.0.64]
	at org.apache.coyote.AbstractProtocol$ConnectionHandler.process(AbstractProtocol.java:890) [tomcat-embed-core-9.0.64.jar:9.0.64]
	at org.apache.tomcat.util.net.NioEndpoint$SocketProcessor.doRun(NioEndpoint.java:1787) [tomcat-embed-core-9.0.64.jar:9.0.64]
	at org.apache.tomcat.util.net.SocketProcessorBase.run(SocketProcessorBase.java:49) [tomcat-embed-core-9.0.64.jar:9.0.64]
	at org.apache.tomcat.util.threads.ThreadPoolExecutor.runWorker(ThreadPoolExecutor.java:1191) [tomcat-embed-core-9.0.64.jar:9.0.64]
	at org.apache.tomcat.util.threads.ThreadPoolExecutor$Worker.run(ThreadPoolExecutor.java:659) [tomcat-embed-core-9.0.64.jar:9.0.64]
	at org.apache.tomcat.util.threads.TaskThread$WrappingRunnable.run(TaskThread.java:61) [tomcat-embed-core-9.0.64.jar:9.0.64]
	at java.lang.Thread.run(Thread.java:748) [na:1.8.0_202]

2022-08-18 16:59:23.453  WARN 23132 --- [http-nio-8080-exec-2] .w.s.m.s.DefaultHandlerExceptionResolver : Resolved [org.springframework.http.converter.HttpMessageNotWritableException: No converter for [class java.util.LinkedHashMap] with preset Content-Type 'application/vnd.ms-excel']
2022-08-18 16:59:49.369  INFO 33632 --- [restartedMain] c.f.a.AirtelIntegrationApplication       : Starting AirtelIntegrationApplication using Java 1.8.0_202 on 28635UGNCPS29L with PID 33632 (C:\Flyhub_projects\airtel-integrations\target\classes started by C849152 in C:\Flyhub_projects\airtel-integrations)
2022-08-18 16:59:49.371  INFO 33632 --- [restartedMain] c.f.a.AirtelIntegrationApplication       : The following 1 profile is active: "dev"
2022-08-18 16:59:49.443  INFO 33632 --- [restartedMain] .e.DevToolsPropertyDefaultsPostProcessor : Devtools property defaults active! Set 'spring.devtools.add-properties' to 'false' to disable
2022-08-18 16:59:49.443  INFO 33632 --- [restartedMain] .e.DevToolsPropertyDefaultsPostProcessor : For additional web related logging consider setting the 'logging.level.web' property to 'DEBUG'
2022-08-18 16:59:50.257  INFO 33632 --- [restartedMain] .s.d.r.c.RepositoryConfigurationDelegate : Bootstrapping Spring Data JPA repositories in DEFAULT mode.
2022-08-18 16:59:50.325  INFO 33632 --- [restartedMain] .s.d.r.c.RepositoryConfigurationDelegate : Finished Spring Data repository scanning in 55 ms. Found 1 JPA repository interfaces.
2022-08-18 16:59:51.407  INFO 33632 --- [restartedMain] o.s.b.w.embedded.tomcat.TomcatWebServer  : Tomcat initialized with port(s): 8080 (http)
2022-08-18 16:59:51.472  INFO 33632 --- [restartedMain] o.apache.catalina.core.StandardService   : Starting service [Tomcat]
2022-08-18 16:59:51.473  INFO 33632 --- [restartedMain] org.apache.catalina.core.StandardEngine  : Starting Servlet engine: [Apache Tomcat/9.0.64]
2022-08-18 16:59:51.611  INFO 33632 --- [restartedMain] o.a.c.c.C.[Tomcat].[localhost].[/]       : Initializing Spring embedded WebApplicationContext
2022-08-18 16:59:51.612  INFO 33632 --- [restartedMain] w.s.c.ServletWebServerApplicationContext : Root WebApplicationContext: initialization completed in 2168 ms
2022-08-18 16:59:51.790  INFO 33632 --- [restartedMain] o.hibernate.jpa.internal.util.LogHelper  : HHH000204: Processing PersistenceUnitInfo [name: default]
2022-08-18 16:59:51.847  INFO 33632 --- [restartedMain] org.hibernate.Version                    : HHH000412: Hibernate ORM core version 5.6.9.Final
2022-08-18 16:59:52.042  INFO 33632 --- [restartedMain] o.hibernate.annotations.common.Version   : HCANN000001: Hibernate Commons Annotations {5.1.2.Final}
2022-08-18 16:59:52.144  INFO 33632 --- [restartedMain] com.zaxxer.hikari.HikariDataSource       : HikariPool-1 - Starting...
2022-08-18 16:59:52.651  INFO 33632 --- [restartedMain] com.zaxxer.hikari.HikariDataSource       : HikariPool-1 - Start completed.
2022-08-18 16:59:52.669  INFO 33632 --- [restartedMain] org.hibernate.dialect.Dialect            : HHH000400: Using dialect: org.hibernate.dialect.PostgreSQLDialect
2022-08-18 16:59:53.750  INFO 33632 --- [restartedMain] o.h.e.t.j.p.i.JtaPlatformInitiator       : HHH000490: Using JtaPlatform implementation: [org.hibernate.engine.transaction.jta.platform.internal.NoJtaPlatform]
2022-08-18 16:59:53.766  INFO 33632 --- [restartedMain] j.LocalContainerEntityManagerFactoryBean : Initialized JPA EntityManagerFactory for persistence unit 'default'
2022-08-18 16:59:54.214  WARN 33632 --- [restartedMain] JpaBaseConfiguration$JpaWebConfiguration : spring.jpa.open-in-view is enabled by default. Therefore, database queries may be performed during view rendering. Explicitly configure spring.jpa.open-in-view to disable this warning
2022-08-18 16:59:55.269  INFO 33632 --- [restartedMain] o.s.b.d.a.OptionalLiveReloadServer       : LiveReload server is running on port 35729
2022-08-18 16:59:55.307  INFO 33632 --- [restartedMain] o.s.b.w.embedded.tomcat.TomcatWebServer  : Tomcat started on port(s): 8080 (http) with context path ''
2022-08-18 16:59:55.319  INFO 33632 --- [restartedMain] c.f.a.AirtelIntegrationApplication       : Started AirtelIntegrationApplication in 6.502 seconds (JVM running for 7.265)
2022-08-18 17:00:55.373  INFO 33632 --- [http-nio-8080-exec-2] o.a.c.c.C.[Tomcat].[localhost].[/]       : Initializing Spring DispatcherServlet 'dispatcherServlet'
2022-08-18 17:00:55.374  INFO 33632 --- [http-nio-8080-exec-2] o.s.web.servlet.DispatcherServlet        : Initializing Servlet 'dispatcherServlet'
2022-08-18 17:00:55.375  INFO 33632 --- [http-nio-8080-exec-2] o.s.web.servlet.DispatcherServlet        : Completed initialization in 1 ms
2022-08-18 17:00:55.435  INFO 33632 --- [http-nio-8080-exec-2] c.f.a.src.PaymentDetailsService          : [Inside the downloadFile method]: Downloading report
2022-08-18 17:00:55.580  WARN 33632 --- [http-nio-8080-exec-2] .w.s.m.s.DefaultHandlerExceptionResolver : Failure while trying to resolve exception [org.springframework.http.converter.HttpMessageNotWritableException]

java.lang.IllegalStateException: Cannot call sendError() after the response has been committed
	at org.apache.catalina.connector.ResponseFacade.sendError(ResponseFacade.java:472) ~[tomcat-embed-core-9.0.64.jar:9.0.64]
	at javax.servlet.http.HttpServletResponseWrapper.sendError(HttpServletResponseWrapper.java:129) ~[tomcat-embed-core-9.0.64.jar:4.0.FR]
	at org.springframework.web.servlet.mvc.support.DefaultHandlerExceptionResolver.sendServerError(DefaultHandlerExceptionResolver.java:552) ~[spring-webmvc-5.3.21.jar:5.3.21]
	at org.springframework.web.servlet.mvc.support.DefaultHandlerExceptionResolver.handleHttpMessageNotWritable(DefaultHandlerExceptionResolver.java:442) ~[spring-webmvc-5.3.21.jar:5.3.21]
	at org.springframework.web.servlet.mvc.support.DefaultHandlerExceptionResolver.doResolveException(DefaultHandlerExceptionResolver.java:209) ~[spring-webmvc-5.3.21.jar:5.3.21]
	at org.springframework.web.servlet.handler.AbstractHandlerExceptionResolver.resolveException(AbstractHandlerExceptionResolver.java:142) [spring-webmvc-5.3.21.jar:5.3.21]
	at org.springframework.web.servlet.handler.HandlerExceptionResolverComposite.resolveException(HandlerExceptionResolverComposite.java:80) [spring-webmvc-5.3.21.jar:5.3.21]
	at org.springframework.web.servlet.DispatcherServlet.processHandlerException(DispatcherServlet.java:1327) [spring-webmvc-5.3.21.jar:5.3.21]
	at org.springframework.web.servlet.DispatcherServlet.processDispatchResult(DispatcherServlet.java:1138) [spring-webmvc-5.3.21.jar:5.3.21]
	at org.springframework.web.servlet.DispatcherServlet.doDispatch(DispatcherServlet.java:1084) [spring-webmvc-5.3.21.jar:5.3.21]
	at org.springframework.web.servlet.DispatcherServlet.doService(DispatcherServlet.java:963) [spring-webmvc-5.3.21.jar:5.3.21]
	at org.springframework.web.servlet.FrameworkServlet.processRequest(FrameworkServlet.java:1006) [spring-webmvc-5.3.21.jar:5.3.21]
	at org.springframework.web.servlet.FrameworkServlet.doGet(FrameworkServlet.java:898) [spring-webmvc-5.3.21.jar:5.3.21]
	at javax.servlet.http.HttpServlet.service(HttpServlet.java:655) [tomcat-embed-core-9.0.64.jar:4.0.FR]
	at org.springframework.web.servlet.FrameworkServlet.service(FrameworkServlet.java:883) [spring-webmvc-5.3.21.jar:5.3.21]
	at javax.servlet.http.HttpServlet.service(HttpServlet.java:764) [tomcat-embed-core-9.0.64.jar:4.0.FR]
	at org.apache.catalina.core.ApplicationFilterChain.internalDoFilter(ApplicationFilterChain.java:227) [tomcat-embed-core-9.0.64.jar:9.0.64]
	at org.apache.catalina.core.ApplicationFilterChain.doFilter(ApplicationFilterChain.java:162) [tomcat-embed-core-9.0.64.jar:9.0.64]
	at org.apache.tomcat.websocket.server.WsFilter.doFilter(WsFilter.java:53) [tomcat-embed-websocket-9.0.64.jar:9.0.64]
	at org.apache.catalina.core.ApplicationFilterChain.internalDoFilter(ApplicationFilterChain.java:189) [tomcat-embed-core-9.0.64.jar:9.0.64]
	at org.apache.catalina.core.ApplicationFilterChain.doFilter(ApplicationFilterChain.java:162) [tomcat-embed-core-9.0.64.jar:9.0.64]
	at org.springframework.web.servlet.resource.ResourceUrlEncodingFilter.doFilter(ResourceUrlEncodingFilter.java:67) [spring-webmvc-5.3.21.jar:5.3.21]
	at org.apache.catalina.core.ApplicationFilterChain.internalDoFilter(ApplicationFilterChain.java:189) [tomcat-embed-core-9.0.64.jar:9.0.64]
	at org.apache.catalina.core.ApplicationFilterChain.doFilter(ApplicationFilterChain.java:162) [tomcat-embed-core-9.0.64.jar:9.0.64]
	at org.springframework.web.filter.RequestContextFilter.doFilterInternal(RequestContextFilter.java:100) [spring-web-5.3.21.jar:5.3.21]
	at org.springframework.web.filter.OncePerRequestFilter.doFilter(OncePerRequestFilter.java:117) [spring-web-5.3.21.jar:5.3.21]
	at org.apache.catalina.core.ApplicationFilterChain.internalDoFilter(ApplicationFilterChain.java:189) [tomcat-embed-core-9.0.64.jar:9.0.64]
	at org.apache.catalina.core.ApplicationFilterChain.doFilter(ApplicationFilterChain.java:162) [tomcat-embed-core-9.0.64.jar:9.0.64]
	at org.springframework.web.filter.FormContentFilter.doFilterInternal(FormContentFilter.java:93) [spring-web-5.3.21.jar:5.3.21]
	at org.springframework.web.filter.OncePerRequestFilter.doFilter(OncePerRequestFilter.java:117) [spring-web-5.3.21.jar:5.3.21]
	at org.apache.catalina.core.ApplicationFilterChain.internalDoFilter(ApplicationFilterChain.java:189) [tomcat-embed-core-9.0.64.jar:9.0.64]
	at org.apache.catalina.core.ApplicationFilterChain.doFilter(ApplicationFilterChain.java:162) [tomcat-embed-core-9.0.64.jar:9.0.64]
	at org.springframework.web.filter.CharacterEncodingFilter.doFilterInternal(CharacterEncodingFilter.java:201) [spring-web-5.3.21.jar:5.3.21]
	at org.springframework.web.filter.OncePerRequestFilter.doFilter(OncePerRequestFilter.java:117) [spring-web-5.3.21.jar:5.3.21]
	at org.apache.catalina.core.ApplicationFilterChain.internalDoFilter(ApplicationFilterChain.java:189) [tomcat-embed-core-9.0.64.jar:9.0.64]
	at org.apache.catalina.core.ApplicationFilterChain.doFilter(ApplicationFilterChain.java:162) [tomcat-embed-core-9.0.64.jar:9.0.64]
	at org.apache.catalina.core.StandardWrapperValve.invoke(StandardWrapperValve.java:197) [tomcat-embed-core-9.0.64.jar:9.0.64]
	at org.apache.catalina.core.StandardContextValve.invoke(StandardContextValve.java:97) [tomcat-embed-core-9.0.64.jar:9.0.64]
	at org.apache.catalina.authenticator.AuthenticatorBase.invoke(AuthenticatorBase.java:541) [tomcat-embed-core-9.0.64.jar:9.0.64]
	at org.apache.catalina.core.StandardHostValve.invoke(StandardHostValve.java:135) [tomcat-embed-core-9.0.64.jar:9.0.64]
	at org.apache.catalina.valves.ErrorReportValve.invoke(ErrorReportValve.java:92) [tomcat-embed-core-9.0.64.jar:9.0.64]
	at org.apache.catalina.core.StandardEngineValve.invoke(StandardEngineValve.java:78) [tomcat-embed-core-9.0.64.jar:9.0.64]
	at org.apache.catalina.connector.CoyoteAdapter.service(CoyoteAdapter.java:360) [tomcat-embed-core-9.0.64.jar:9.0.64]
	at org.apache.coyote.http11.Http11Processor.service(Http11Processor.java:399) [tomcat-embed-core-9.0.64.jar:9.0.64]
	at org.apache.coyote.AbstractProcessorLight.process(AbstractProcessorLight.java:65) [tomcat-embed-core-9.0.64.jar:9.0.64]
	at org.apache.coyote.AbstractProtocol$ConnectionHandler.process(AbstractProtocol.java:890) [tomcat-embed-core-9.0.64.jar:9.0.64]
	at org.apache.tomcat.util.net.NioEndpoint$SocketProcessor.doRun(NioEndpoint.java:1787) [tomcat-embed-core-9.0.64.jar:9.0.64]
	at org.apache.tomcat.util.net.SocketProcessorBase.run(SocketProcessorBase.java:49) [tomcat-embed-core-9.0.64.jar:9.0.64]
	at org.apache.tomcat.util.threads.ThreadPoolExecutor.runWorker(ThreadPoolExecutor.java:1191) [tomcat-embed-core-9.0.64.jar:9.0.64]
	at org.apache.tomcat.util.threads.ThreadPoolExecutor$Worker.run(ThreadPoolExecutor.java:659) [tomcat-embed-core-9.0.64.jar:9.0.64]
	at org.apache.tomcat.util.threads.TaskThread$WrappingRunnable.run(TaskThread.java:61) [tomcat-embed-core-9.0.64.jar:9.0.64]
	at java.lang.Thread.run(Thread.java:748) [na:1.8.0_202]

2022-08-18 17:00:55.583 ERROR 33632 --- [http-nio-8080-exec-2] o.a.c.c.C.[.[.[/].[dispatcherServlet]    : Servlet.service() for servlet [dispatcherServlet] in context with path [] threw exception [Request processing failed; nested exception is org.springframework.http.converter.HttpMessageNotWritableException: No converter for [class com.flyhub.airtelintegration.src.OperationResponse] with preset Content-Type 'application/vnd.ms-excel'] with root cause

org.springframework.http.converter.HttpMessageNotWritableException: No converter for [class com.flyhub.airtelintegration.src.OperationResponse] with preset Content-Type 'application/vnd.ms-excel'
	at org.springframework.web.servlet.mvc.method.annotation.AbstractMessageConverterMethodProcessor.writeWithMessageConverters(AbstractMessageConverterMethodProcessor.java:312) ~[spring-webmvc-5.3.21.jar:5.3.21]
	at org.springframework.web.servlet.mvc.method.annotation.HttpEntityMethodProcessor.handleReturnValue(HttpEntityMethodProcessor.java:219) ~[spring-webmvc-5.3.21.jar:5.3.21]
	at org.springframework.web.method.support.HandlerMethodReturnValueHandlerComposite.handleReturnValue(HandlerMethodReturnValueHandlerComposite.java:78) ~[spring-web-5.3.21.jar:5.3.21]
	at org.springframework.web.servlet.mvc.method.annotation.ServletInvocableHandlerMethod.invokeAndHandle(ServletInvocableHandlerMethod.java:135) ~[spring-webmvc-5.3.21.jar:5.3.21]
	at org.springframework.web.servlet.mvc.method.annotation.RequestMappingHandlerAdapter.invokeHandlerMethod(RequestMappingHandlerAdapter.java:895) ~[spring-webmvc-5.3.21.jar:5.3.21]
	at org.springframework.web.servlet.mvc.method.annotation.RequestMappingHandlerAdapter.handleInternal(RequestMappingHandlerAdapter.java:808) ~[spring-webmvc-5.3.21.jar:5.3.21]
	at org.springframework.web.servlet.mvc.method.AbstractHandlerMethodAdapter.handle(AbstractHandlerMethodAdapter.java:87) ~[spring-webmvc-5.3.21.jar:5.3.21]
	at org.springframework.web.servlet.DispatcherServlet.doDispatch(DispatcherServlet.java:1067) ~[spring-webmvc-5.3.21.jar:5.3.21]
	at org.springframework.web.servlet.DispatcherServlet.doService(DispatcherServlet.java:963) ~[spring-webmvc-5.3.21.jar:5.3.21]
	at org.springframework.web.servlet.FrameworkServlet.processRequest(FrameworkServlet.java:1006) ~[spring-webmvc-5.3.21.jar:5.3.21]
	at org.springframework.web.servlet.FrameworkServlet.doGet(FrameworkServlet.java:898) ~[spring-webmvc-5.3.21.jar:5.3.21]
	at javax.servlet.http.HttpServlet.service(HttpServlet.java:655) ~[tomcat-embed-core-9.0.64.jar:4.0.FR]
	at org.springframework.web.servlet.FrameworkServlet.service(FrameworkServlet.java:883) ~[spring-webmvc-5.3.21.jar:5.3.21]
	at javax.servlet.http.HttpServlet.service(HttpServlet.java:764) ~[tomcat-embed-core-9.0.64.jar:4.0.FR]
	at org.apache.catalina.core.ApplicationFilterChain.internalDoFilter(ApplicationFilterChain.java:227) ~[tomcat-embed-core-9.0.64.jar:9.0.64]
	at org.apache.catalina.core.ApplicationFilterChain.doFilter(ApplicationFilterChain.java:162) ~[tomcat-embed-core-9.0.64.jar:9.0.64]
	at org.apache.tomcat.websocket.server.WsFilter.doFilter(WsFilter.java:53) ~[tomcat-embed-websocket-9.0.64.jar:9.0.64]
	at org.apache.catalina.core.ApplicationFilterChain.internalDoFilter(ApplicationFilterChain.java:189) ~[tomcat-embed-core-9.0.64.jar:9.0.64]
	at org.apache.catalina.core.ApplicationFilterChain.doFilter(ApplicationFilterChain.java:162) ~[tomcat-embed-core-9.0.64.jar:9.0.64]
	at org.springframework.web.servlet.resource.ResourceUrlEncodingFilter.doFilter(ResourceUrlEncodingFilter.java:67) ~[spring-webmvc-5.3.21.jar:5.3.21]
	at org.apache.catalina.core.ApplicationFilterChain.internalDoFilter(ApplicationFilterChain.java:189) ~[tomcat-embed-core-9.0.64.jar:9.0.64]
	at org.apache.catalina.core.ApplicationFilterChain.doFilter(ApplicationFilterChain.java:162) ~[tomcat-embed-core-9.0.64.jar:9.0.64]
	at org.springframework.web.filter.RequestContextFilter.doFilterInternal(RequestContextFilter.java:100) ~[spring-web-5.3.21.jar:5.3.21]
	at org.springframework.web.filter.OncePerRequestFilter.doFilter(OncePerRequestFilter.java:117) ~[spring-web-5.3.21.jar:5.3.21]
	at org.apache.catalina.core.ApplicationFilterChain.internalDoFilter(ApplicationFilterChain.java:189) ~[tomcat-embed-core-9.0.64.jar:9.0.64]
	at org.apache.catalina.core.ApplicationFilterChain.doFilter(ApplicationFilterChain.java:162) ~[tomcat-embed-core-9.0.64.jar:9.0.64]
	at org.springframework.web.filter.FormContentFilter.doFilterInternal(FormContentFilter.java:93) ~[spring-web-5.3.21.jar:5.3.21]
	at org.springframework.web.filter.OncePerRequestFilter.doFilter(OncePerRequestFilter.java:117) ~[spring-web-5.3.21.jar:5.3.21]
	at org.apache.catalina.core.ApplicationFilterChain.internalDoFilter(ApplicationFilterChain.java:189) ~[tomcat-embed-core-9.0.64.jar:9.0.64]
	at org.apache.catalina.core.ApplicationFilterChain.doFilter(ApplicationFilterChain.java:162) ~[tomcat-embed-core-9.0.64.jar:9.0.64]
	at org.springframework.web.filter.CharacterEncodingFilter.doFilterInternal(CharacterEncodingFilter.java:201) ~[spring-web-5.3.21.jar:5.3.21]
	at org.springframework.web.filter.OncePerRequestFilter.doFilter(OncePerRequestFilter.java:117) ~[spring-web-5.3.21.jar:5.3.21]
	at org.apache.catalina.core.ApplicationFilterChain.internalDoFilter(ApplicationFilterChain.java:189) ~[tomcat-embed-core-9.0.64.jar:9.0.64]
	at org.apache.catalina.core.ApplicationFilterChain.doFilter(ApplicationFilterChain.java:162) ~[tomcat-embed-core-9.0.64.jar:9.0.64]
	at org.apache.catalina.core.StandardWrapperValve.invoke(StandardWrapperValve.java:197) ~[tomcat-embed-core-9.0.64.jar:9.0.64]
	at org.apache.catalina.core.StandardContextValve.invoke(StandardContextValve.java:97) [tomcat-embed-core-9.0.64.jar:9.0.64]
	at org.apache.catalina.authenticator.AuthenticatorBase.invoke(AuthenticatorBase.java:541) [tomcat-embed-core-9.0.64.jar:9.0.64]
	at org.apache.catalina.core.StandardHostValve.invoke(StandardHostValve.java:135) [tomcat-embed-core-9.0.64.jar:9.0.64]
	at org.apache.catalina.valves.ErrorReportValve.invoke(ErrorReportValve.java:92) [tomcat-embed-core-9.0.64.jar:9.0.64]
	at org.apache.catalina.core.StandardEngineValve.invoke(StandardEngineValve.java:78) [tomcat-embed-core-9.0.64.jar:9.0.64]
	at org.apache.catalina.connector.CoyoteAdapter.service(CoyoteAdapter.java:360) [tomcat-embed-core-9.0.64.jar:9.0.64]
	at org.apache.coyote.http11.Http11Processor.service(Http11Processor.java:399) [tomcat-embed-core-9.0.64.jar:9.0.64]
	at org.apache.coyote.AbstractProcessorLight.process(AbstractProcessorLight.java:65) [tomcat-embed-core-9.0.64.jar:9.0.64]
	at org.apache.coyote.AbstractProtocol$ConnectionHandler.process(AbstractProtocol.java:890) [tomcat-embed-core-9.0.64.jar:9.0.64]
	at org.apache.tomcat.util.net.NioEndpoint$SocketProcessor.doRun(NioEndpoint.java:1787) [tomcat-embed-core-9.0.64.jar:9.0.64]
	at org.apache.tomcat.util.net.SocketProcessorBase.run(SocketProcessorBase.java:49) [tomcat-embed-core-9.0.64.jar:9.0.64]
	at org.apache.tomcat.util.threads.ThreadPoolExecutor.runWorker(ThreadPoolExecutor.java:1191) [tomcat-embed-core-9.0.64.jar:9.0.64]
	at org.apache.tomcat.util.threads.ThreadPoolExecutor$Worker.run(ThreadPoolExecutor.java:659) [tomcat-embed-core-9.0.64.jar:9.0.64]
	at org.apache.tomcat.util.threads.TaskThread$WrappingRunnable.run(TaskThread.java:61) [tomcat-embed-core-9.0.64.jar:9.0.64]
	at java.lang.Thread.run(Thread.java:748) [na:1.8.0_202]

2022-08-18 17:00:55.597  WARN 33632 --- [http-nio-8080-exec-2] .w.s.m.s.DefaultHandlerExceptionResolver : Resolved [org.springframework.http.converter.HttpMessageNotWritableException: No converter for [class java.util.LinkedHashMap] with preset Content-Type 'application/vnd.ms-excel']
2022-08-18 17:01:16.323  INFO 33632 --- [http-nio-8080-exec-4] c.f.a.src.PaymentDetailsService          : [Inside the generateExcelReport method]: Retrieving all payments from the database
2022-08-18 17:01:16.554  INFO 33632 --- [http-nio-8080-exec-4] c.f.a.src.PaymentDetailsService          : Creating sheet: Payment Details
2022-08-18 17:01:17.030  INFO 33632 --- [http-nio-8080-exec-4] c.f.a.src.PaymentDetailsService          : Designing the excel document
2022-08-18 17:01:17.033  INFO 33632 --- [http-nio-8080-exec-4] c.f.a.src.PaymentDetailsService          : Designing the excel document cell style
2022-08-18 17:01:17.036  INFO 33632 --- [http-nio-8080-exec-4] c.f.a.src.PaymentDetailsService          : Creating the row for the excel document
2022-08-18 17:01:17.085  INFO 33632 --- [http-nio-8080-exec-4] c.f.a.src.PaymentDetailsService          : Creating Other rows and cells with their data
2022-08-18 17:01:17.117  INFO 33632 --- [http-nio-8080-exec-4] c.f.a.src.PaymentDetailsService          : Resizing all columns to fit the content size
2022-08-18 17:01:17.266  INFO 33632 --- [http-nio-8080-exec-4] c.f.a.src.PaymentDetailsService          : Writing the output to a file
2022-08-18 17:01:26.328  INFO 33632 --- [http-nio-8080-exec-5] c.f.a.src.PaymentDetailsService          : [Inside the receivePaymentsDetails method]: Receiving payments
